{"levelname": "INFO", "asctime": "2023-11-09 10:47:45,387", "name": "django.utils.autoreload", "message": "Watching for file changes with StatReloader", "taskName": null}
{"levelname": "INFO", "asctime": "2023-11-09 10:48:31,345", "name": "django.utils.autoreload", "message": "Watching for file changes with StatReloader", "taskName": null}
{"levelname": "WARNING", "asctime": "2023-11-09 10:48:38,075", "name": "django.request", "message": "Not Found: /", "taskName": null, "status_code": 404, "request": "<WSGIRequest: GET '/'>"}
{"levelname": "WARNING", "asctime": "2023-11-09 10:48:44,632", "name": "django.request", "message": "Not Found: /api/doctor/", "taskName": null, "status_code": 404, "request": "<WSGIRequest: GET '/api/doctor/'>"}
{"levelname": "INFO", "asctime": "2023-11-09 10:51:26,005", "name": "django.utils.autoreload", "message": "C:\\Users\\KeshavAgrawal\\Desktop\\Code Olympics\\Hospital-management\\backend\\employee\\views.py changed, reloading.", "taskName": null}
{"levelname": "INFO", "asctime": "2023-11-09 10:51:29,851", "name": "django.utils.autoreload", "message": "Watching for file changes with StatReloader", "taskName": null}
{"levelname": "INFO", "asctime": "2023-11-09 10:51:32,381", "name": "django.utils.autoreload", "message": "C:\\Users\\KeshavAgrawal\\Desktop\\Code Olympics\\Hospital-management\\backend\\employee\\views.py changed, reloading.", "taskName": null}
{"levelname": "INFO", "asctime": "2023-11-09 10:51:35,199", "name": "django.utils.autoreload", "message": "Watching for file changes with StatReloader", "taskName": null}
{"levelname": "INFO", "asctime": "2023-11-09 10:51:44,632", "name": "django.utils.autoreload", "message": "C:\\Users\\KeshavAgrawal\\Desktop\\Code Olympics\\Hospital-management\\backend\\employee\\views.py changed, reloading.", "taskName": null}
{"levelname": "INFO", "asctime": "2023-11-09 10:51:47,421", "name": "django.utils.autoreload", "message": "Watching for file changes with StatReloader", "taskName": null}
{"levelname": "INFO", "asctime": "2023-11-09 10:51:49,094", "name": "django.utils.autoreload", "message": "C:\\Users\\KeshavAgrawal\\Desktop\\Code Olympics\\Hospital-management\\backend\\employee\\views.py changed, reloading.", "taskName": null}
{"levelname": "INFO", "asctime": "2023-11-09 10:51:50,825", "name": "django.utils.autoreload", "message": "Watching for file changes with StatReloader", "taskName": null}
{"levelname": "INFO", "asctime": "2023-11-09 10:51:59,574", "name": "django.utils.autoreload", "message": "C:\\Users\\KeshavAgrawal\\Desktop\\Code Olympics\\Hospital-management\\backend\\employee\\views.py changed, reloading.", "taskName": null}
{"levelname": "INFO", "asctime": "2023-11-09 10:52:01,743", "name": "django.utils.autoreload", "message": "Watching for file changes with StatReloader", "taskName": null}
{"levelname": "INFO", "asctime": "2023-11-09 10:52:07,720", "name": "django.utils.autoreload", "message": "C:\\Users\\KeshavAgrawal\\Desktop\\Code Olympics\\Hospital-management\\backend\\employee\\views.py changed, reloading.", "taskName": null}
{"levelname": "INFO", "asctime": "2023-11-09 10:52:10,065", "name": "django.utils.autoreload", "message": "Watching for file changes with StatReloader", "taskName": null}
{"levelname": "INFO", "asctime": "2023-11-09 10:52:20,257", "name": "django.utils.autoreload", "message": "C:\\Users\\KeshavAgrawal\\Desktop\\Code Olympics\\Hospital-management\\backend\\employee\\views.py changed, reloading.", "taskName": null}
{"levelname": "INFO", "asctime": "2023-11-09 10:52:22,282", "name": "django.utils.autoreload", "message": "Watching for file changes with StatReloader", "taskName": null}
{"levelname": "INFO", "asctime": "2023-11-09 10:52:27,229", "name": "django.utils.autoreload", "message": "C:\\Users\\KeshavAgrawal\\Desktop\\Code Olympics\\Hospital-management\\backend\\employee\\views.py changed, reloading.", "taskName": null}
{"levelname": "INFO", "asctime": "2023-11-09 10:52:29,312", "name": "django.utils.autoreload", "message": "Watching for file changes with StatReloader", "taskName": null}
{"levelname": "INFO", "asctime": "2023-11-09 10:52:41,844", "name": "django.utils.autoreload", "message": "C:\\Users\\KeshavAgrawal\\Desktop\\Code Olympics\\Hospital-management\\backend\\employee\\views.py changed, reloading.", "taskName": null}
{"levelname": "INFO", "asctime": "2023-11-09 10:52:43,446", "name": "django.utils.autoreload", "message": "Watching for file changes with StatReloader", "taskName": null}
{"levelname": "INFO", "asctime": "2023-11-09 10:52:46,661", "name": "django.utils.autoreload", "message": "C:\\Users\\KeshavAgrawal\\Desktop\\Code Olympics\\Hospital-management\\backend\\employee\\views.py changed, reloading.", "taskName": null}
{"levelname": "INFO", "asctime": "2023-11-09 10:52:49,152", "name": "django.utils.autoreload", "message": "Watching for file changes with StatReloader", "taskName": null}
{"levelname": "INFO", "asctime": "2023-11-09 10:53:04,572", "name": "django.utils.autoreload", "message": "C:\\Users\\KeshavAgrawal\\Desktop\\Code Olympics\\Hospital-management\\backend\\employee\\urls.py changed, reloading.", "taskName": null}
{"levelname": "INFO", "asctime": "2023-11-09 10:53:06,703", "name": "django.utils.autoreload", "message": "Watching for file changes with StatReloader", "taskName": null}
{"levelname": "INFO", "asctime": "2023-11-09 10:53:17,076", "name": "django.utils.autoreload", "message": "C:\\Users\\KeshavAgrawal\\Desktop\\Code Olympics\\Hospital-management\\backend\\employee\\urls.py changed, reloading.", "taskName": null}
{"levelname": "INFO", "asctime": "2023-11-09 10:53:19,492", "name": "django.utils.autoreload", "message": "Watching for file changes with StatReloader", "taskName": null}
{"levelname": "INFO", "asctime": "2023-11-09 10:53:48,034", "name": "django.utils.autoreload", "message": "C:\\Users\\KeshavAgrawal\\Desktop\\Code Olympics\\Hospital-management\\backend\\employee\\views.py changed, reloading.", "taskName": null}
{"levelname": "INFO", "asctime": "2023-11-09 10:53:50,912", "name": "django.utils.autoreload", "message": "Watching for file changes with StatReloader", "taskName": null}
{"levelname": "INFO", "asctime": "2023-11-09 10:55:28,504", "name": "django.utils.autoreload", "message": "C:\\Users\\KeshavAgrawal\\Desktop\\Code Olympics\\Hospital-management\\backend\\employee\\views.py changed, reloading.", "taskName": null}
{"levelname": "INFO", "asctime": "2023-11-09 10:55:30,610", "name": "django.utils.autoreload", "message": "Watching for file changes with StatReloader", "taskName": null}
{"levelname": "INFO", "asctime": "2023-11-09 10:56:13,051", "name": "django.utils.autoreload", "message": "C:\\Users\\KeshavAgrawal\\Desktop\\Code Olympics\\Hospital-management\\backend\\employee\\views.py changed, reloading.", "taskName": null}
{"levelname": "INFO", "asctime": "2023-11-09 10:56:14,805", "name": "django.utils.autoreload", "message": "Watching for file changes with StatReloader", "taskName": null}
{"levelname": "INFO", "asctime": "2023-11-09 10:56:34,867", "name": "django.utils.autoreload", "message": "C:\\Users\\KeshavAgrawal\\Desktop\\Code Olympics\\Hospital-management\\backend\\employee\\urls.py changed, reloading.", "taskName": null}
{"levelname": "INFO", "asctime": "2023-11-09 10:56:36,822", "name": "django.utils.autoreload", "message": "Watching for file changes with StatReloader", "taskName": null}
{"levelname": "INFO", "asctime": "2023-11-09 10:56:42,902", "name": "django.utils.autoreload", "message": "C:\\Users\\KeshavAgrawal\\Desktop\\Code Olympics\\Hospital-management\\backend\\employee\\urls.py changed, reloading.", "taskName": null}
{"levelname": "INFO", "asctime": "2023-11-09 10:56:44,581", "name": "django.utils.autoreload", "message": "Watching for file changes with StatReloader", "taskName": null}
{"levelname": "INFO", "asctime": "2023-11-09 10:56:48,653", "name": "django.utils.autoreload", "message": "C:\\Users\\KeshavAgrawal\\Desktop\\Code Olympics\\Hospital-management\\backend\\employee\\urls.py changed, reloading.", "taskName": null}
{"levelname": "INFO", "asctime": "2023-11-09 10:56:50,262", "name": "django.utils.autoreload", "message": "Watching for file changes with StatReloader", "taskName": null}
{"levelname": "INFO", "asctime": "2023-11-09 10:56:53,548", "name": "django.utils.autoreload", "message": "C:\\Users\\KeshavAgrawal\\Desktop\\Code Olympics\\Hospital-management\\backend\\employee\\urls.py changed, reloading.", "taskName": null}
{"levelname": "INFO", "asctime": "2023-11-09 10:56:55,684", "name": "django.utils.autoreload", "message": "Watching for file changes with StatReloader", "taskName": null}
{"levelname": "INFO", "asctime": "2023-11-09 10:59:00,385", "name": "django.utils.autoreload", "message": "C:\\Users\\KeshavAgrawal\\Desktop\\Code Olympics\\Hospital-management\\backend\\hospital_management\\settings.py changed, reloading.", "taskName": null}
{"levelname": "INFO", "asctime": "2023-11-09 10:59:02,479", "name": "django.utils.autoreload", "message": "Watching for file changes with StatReloader", "taskName": null}
{"levelname": "INFO", "asctime": "2023-11-09 10:59:33,436", "name": "django.utils.autoreload", "message": "C:\\Users\\KeshavAgrawal\\Desktop\\Code Olympics\\Hospital-management\\backend\\employee\\urls.py changed, reloading.", "taskName": null}
{"levelname": "INFO", "asctime": "2023-11-09 10:59:35,503", "name": "django.utils.autoreload", "message": "Watching for file changes with StatReloader", "taskName": null}
{"levelname": "INFO", "asctime": "2023-11-09 10:59:38,968", "name": "django.utils.autoreload", "message": "C:\\Users\\KeshavAgrawal\\Desktop\\Code Olympics\\Hospital-management\\backend\\employee\\views.py changed, reloading.", "taskName": null}
{"levelname": "INFO", "asctime": "2023-11-09 10:59:41,387", "name": "django.utils.autoreload", "message": "Watching for file changes with StatReloader", "taskName": null}
{"levelname": "INFO", "asctime": "2023-11-09 11:00:58,335", "name": "django.utils.autoreload", "message": "C:\\Users\\KeshavAgrawal\\Desktop\\Code Olympics\\Hospital-management\\backend\\hospital_management\\settings.py changed, reloading.", "taskName": null}
{"levelname": "INFO", "asctime": "2023-11-09 11:00:59,700", "name": "django.utils.autoreload", "message": "Watching for file changes with StatReloader", "taskName": null}
{"levelname": "INFO", "asctime": "2023-11-09 11:01:41,212", "name": "django.utils.autoreload", "message": "C:\\Users\\KeshavAgrawal\\Desktop\\Code Olympics\\Hospital-management\\backend\\employee\\views.py changed, reloading.", "taskName": null}
{"levelname": "INFO", "asctime": "2023-11-09 11:01:43,007", "name": "django.utils.autoreload", "message": "Watching for file changes with StatReloader", "taskName": null}
{"levelname": "INFO", "asctime": "2023-11-09 11:01:57,855", "name": "django.utils.autoreload", "message": "C:\\Users\\KeshavAgrawal\\Desktop\\Code Olympics\\Hospital-management\\backend\\employee\\views.py changed, reloading.", "taskName": null}
{"levelname": "INFO", "asctime": "2023-11-09 11:01:59,380", "name": "django.utils.autoreload", "message": "Watching for file changes with StatReloader", "taskName": null}
{"levelname": "INFO", "asctime": "2023-11-09 11:02:02,439", "name": "django.utils.autoreload", "message": "C:\\Users\\KeshavAgrawal\\Desktop\\Code Olympics\\Hospital-management\\backend\\employee\\views.py changed, reloading.", "taskName": null}
{"levelname": "INFO", "asctime": "2023-11-09 11:02:04,177", "name": "django.utils.autoreload", "message": "Watching for file changes with StatReloader", "taskName": null}
{"levelname": "WARNING", "asctime": "2023-11-09 11:02:29,098", "name": "django.request", "message": "Not Found: /api/employee/view/", "taskName": null, "status_code": 404, "request": "<WSGIRequest: GET '/api/employee/view/?employee_role=Manager&page=2'>"}
